FILE MISSING config.py
FILE MISSING config.py
FILE MISSING config.py
FILE MISSING config.py
FILE MISSING config.py
FILE MISSING config.py
FILE MISSING config.py
FILE MISSING config.py
FILE MISSING config.py
FILE MISSING config.py
FILE MISSING config.py
FILE MISSING config.py
FILE MISSING config.py
FILE MISSING config.py
FILE MISSING config.py
FILE MISSING config.py
FILE MISSING config.py
FILE MISSING config.py
FILE MISSING config.py
FILE MISSING config.py
FILE MISSING config.py
FILE MISSING config.py
FILE MISSING config.py
FILE MISSING config.py
FILE MISSING config.py
FILE MISSING config.py
FILE MISSING config.py
FILE MISSING config.py
FILE MISSING config.py
FILE MISSING config.py
test
FILE MISSING config.py
FILE MISSING config.py
FILE MISSING config.py
FILE MISSING config.py
FILE MISSING config.py
FILE MISSING config.py
FILE MISSING config.py
FILE MISSING config.py
FILE MISSING config.py
FILE MISSING config.py
FILE MISSING config.py
another test
FILE MISSING config.py
FILE MISSING config.py
FILE MISSING config.py
FILE MISSING config.py
FILE MISSING config.py
FILE MISSING config.py
FILE MISSING config.py
FILE MISSING config.py
FILE MISSING config.py
FILE MISSING config.py
FILE MISSING config.py
FILE MISSING config.py
FILE MISSING config.py
FILE MISSING : config.py
FILE MISSING : config.py
FILE MISSING : config.py
FILE MISSING : config.py
FILE MISSING : config.py
FILE MISSING : config.py
FILE MISSING : config.py
0
FILE MISSING : config.py
FILE MISSING : config.py
FILE MISSING : config.py
FILE MISSING : config.py
FILE MISSING : config.py
FILE MISSING : config.py
FILE MISSING : config.py
FILE MISSING : config.py
FILE MISSING : config.py
FILE MISSING : config.py
FILE MISSING : config.py
FILE MISSING : config.py
FILE MISSING : config.py
FILE MISSING : config.py
FILE MISSING : config.py
0
FILE MISSING : config.py
1
FILE MISSING : config.py
2
3
FILE MISSING : config.py
4
FILE MISSING : config.py
5
FILE MISSING : config.py
6
FILE MISSING : config.py
7
FILE MISSING : config.py
8
FILE MISSING : config.py
9
FILE MISSING : config.py
FILE MISSING : config.py
FILE MISSING : config.py
FILE MISSING : config.py
FILE MISSING : config.py
FILE MISSING : config.py
FILE MISSING : config.py
FILE MISSING : config.py
0
1
2
3
4
5
6
7
8
9
